Failed to open connection to "session" message bus: Unable to autolaunch a dbus-daemon without a $DISPLAY for X11
1576732733023	mozrunner::runner	INFO	Running command: "/usr/bin/firefox" "-marionette" "-headless" "-foreground" "-no-remote" "-profile" "/tmp/rust_mozprofiletBs582"
Failed to open connection to "session" message bus: Unable to autolaunch a dbus-daemon without a $DISPLAY for X11
Running without a11y support!
*** You are running in headless mode.
1576732734078	addons.webextension.screenshots@mozilla.org	WARN	Loading extension 'screenshots@mozilla.org': Reading manifest: Invalid extension permission: mozillaAddons
1576732734079	addons.webextension.screenshots@mozilla.org	WARN	Loading extension 'screenshots@mozilla.org': Reading manifest: Invalid extension permission: telemetry
1576732734081	addons.webextension.screenshots@mozilla.org	WARN	Loading extension 'screenshots@mozilla.org': Reading manifest: Invalid extension permission: resource://pdf.js/
1576732734082	addons.webextension.screenshots@mozilla.org	WARN	Loading extension 'screenshots@mozilla.org': Reading manifest: Invalid extension permission: about:reader*
JavaScript error: resource:///modules/sessionstore/SessionStore.jsm, line 1325: uncaught exception: 2147746065
1576732740051	Marionette	INFO	Listening on port 38805
1576732740094	Marionette	WARN	TLS certificate errors will be ignored for this session
Failed to open connection to "session" message bus: Unable to autolaunch a dbus-daemon without a $DISPLAY for X11
1576733167545	mozrunner::runner	INFO	Running command: "/usr/bin/firefox" "-marionette" "-headless" "-foreground" "-no-remote" "-profile" "/tmp/rust_mozprofileRfZQYm"
Failed to open connection to "session" message bus: Unable to autolaunch a dbus-daemon without a $DISPLAY for X11
Running without a11y support!
*** You are running in headless mode.
1576733168468	addons.webextension.screenshots@mozilla.org	WARN	Loading extension 'screenshots@mozilla.org': Reading manifest: Invalid extension permission: mozillaAddons
1576733168469	addons.webextension.screenshots@mozilla.org	WARN	Loading extension 'screenshots@mozilla.org': Reading manifest: Invalid extension permission: telemetry
1576733168471	addons.webextension.screenshots@mozilla.org	WARN	Loading extension 'screenshots@mozilla.org': Reading manifest: Invalid extension permission: resource://pdf.js/
1576733168472	addons.webextension.screenshots@mozilla.org	WARN	Loading extension 'screenshots@mozilla.org': Reading manifest: Invalid extension permission: about:reader*
JavaScript error: resource:///modules/sessionstore/SessionStore.jsm, line 1325: uncaught exception: 2147746065
1576733173493	Marionette	INFO	Listening on port 37705
1576733173522	Marionette	WARN	TLS certificate errors will be ignored for this session
